# JRE version: OpenJDK Runtime Environment (21.0.6) (build 21.0.6+-13391695-b895.109)
# Java VM: OpenJDK 64-Bit Server VM (21.0.6+-13391695-b895.109, mixed mode, tiered, compressed oops, compressed class ptrs, g1 gc, windows-amd64)
GC Precious Log:
 CardTable entry size: 512
 Card Set container configuration: InlinePtr #cards 4 size 8 Array Of Cards #cards 16 size 48 Howl #buckets 8 coarsen threshold 3686 Howl Bitmap #cards 512 size 80 coarsen threshold 460 Card regions per heap region 1 cards per card region 4096
 CPUs: 20 total, 20 available
 Memory: 16004M
 Large Page Support: Disabled
 NUMA Support: Disabled
 Compressed Oops: Enabled (Zero based)
 Heap Region Size: 2M
 Heap Min Capacity: 8M
 Heap Initial Capacity: 252M
 Heap Max Capacity: 3G
 Pre-touch: Disabled
 Parallel Workers: 15
 Concurrent Workers: 4
 Concurrent Refinement Workers: 15
 Periodic GC: Disabled
Heap:
 garbage-first heap   total 438272K, used 333421K [0x0000000740000000, 0x0000000800000000)
  region size 2048K, 6 young (12288K), 6 survivors (12288K)
 Metaspace       used 137358K, committed 139712K, reserved 1179648K
  class space    used 18165K, committed 19328K, reserved 1048576K
GC Heap History (20 events):
Event: 10.619 GC heap after
{Heap after GC invocations=37 (full 0):
 garbage-first heap   total 313344K, used 196586K [0x0000000740000000, 0x0000000800000000)
  region size 2048K, 6 young (12288K), 6 survivors (12288K)
 Metaspace       used 122785K, committed 125120K, reserved 1179648K
  class space    used 16199K, committed 17344K, reserved 1048576K
}
Event: 10.806 GC heap before
{Heap before GC invocations=37 (full 0):
 garbage-first heap   total 313344K, used 268266K [0x0000000740000000, 0x0000000800000000)
  region size 2048K, 42 young (86016K), 6 survivors (12288K)
 Metaspace       used 125622K, committed 127936K, reserved 1179648K
  class space    used 16451K, committed 17600K, reserved 1048576K
}
Event: 10.810 GC heap after
{Heap after GC invocations=38 (full 0):
 garbage-first heap   total 313344K, used 202869K [0x0000000740000000, 0x0000000800000000)
  region size 2048K, 3 young (6144K), 3 survivors (6144K)
 Metaspace       used 125622K, committed 127936K, reserved 1179648K
  class space    used 16451K, committed 17600K, reserved 1048576K
}
Event: 10.963 GC heap before
{Heap before GC invocations=39 (full 0):
 garbage-first heap   total 342016K, used 272501K [0x0000000740000000, 0x0000000800000000)
  region size 2048K, 38 young (77824K), 3 survivors (6144K)
 Metaspace       used 126099K, committed 128384K, reserved 1179648K
  class space    used 16494K, committed 17600K, reserved 1048576K
}
Event: 10.966 GC heap after
{Heap after GC invocations=40 (full 0):
 garbage-first heap   total 342016K, used 204281K [0x0000000740000000, 0x0000000800000000)
  region size 2048K, 2 young (4096K), 2 survivors (4096K)
 Metaspace       used 126099K, committed 128384K, reserved 1179648K
  class space    used 16494K, committed 17600K, reserved 1048576K
}
Event: 11.161 GC heap before
{Heap before GC invocations=40 (full 0):
 garbage-first heap   total 342016K, used 298489K [0x0000000740000000, 0x0000000800000000)
  region size 2048K, 49 young (100352K), 2 survivors (4096K)
 Metaspace       used 126745K, committed 129088K, reserved 1179648K
  class space    used 16549K, committed 17664K, reserved 1048576K
}
Event: 11.164 GC heap after
{Heap after GC invocations=41 (full 0):
 garbage-first heap   total 411648K, used 180116K [0x0000000740000000, 0x0000000800000000)
  region size 2048K, 3 young (6144K), 3 survivors (6144K)
 Metaspace       used 126745K, committed 129088K, reserved 1179648K
  class space    used 16549K, committed 17664K, reserved 1048576K
}
Event: 11.437 GC heap before
{Heap before GC invocations=41 (full 0):
 garbage-first heap   total 411648K, used 364436K [0x0000000740000000, 0x0000000800000000)
  region size 2048K, 94 young (192512K), 3 survivors (6144K)
 Metaspace       used 128681K, committed 130944K, reserved 1179648K
  class space    used 16822K, committed 17984K, reserved 1048576K
}
Event: 11.441 GC heap after
{Heap after GC invocations=42 (full 0):
 garbage-first heap   total 411648K, used 211980K [0x0000000740000000, 0x0000000800000000)
  region size 2048K, 12 young (24576K), 12 survivors (24576K)
 Metaspace       used 128681K, committed 130944K, reserved 1179648K
  class space    used 16822K, committed 17984K, reserved 1048576K
}
Event: 11.632 GC heap before
{Heap before GC invocations=42 (full 0):
 garbage-first heap   total 411648K, used 341004K [0x0000000740000000, 0x0000000800000000)
  region size 2048K, 76 young (155648K), 12 survivors (24576K)
 Metaspace       used 132775K, committed 135040K, reserved 1179648K
  class space    used 17492K, committed 18624K, reserved 1048576K
}
Event: 11.638 GC heap after
{Heap after GC invocations=43 (full 0):
 garbage-first heap   total 411648K, used 237278K [0x0000000740000000, 0x0000000800000000)
  region size 2048K, 10 young (20480K), 10 survivors (20480K)
 Metaspace       used 132775K, committed 135040K, reserved 1179648K
  class space    used 17492K, committed 18624K, reserved 1048576K
}
Event: 11.733 GC heap before
{Heap before GC invocations=43 (full 0):
 garbage-first heap   total 411648K, used 354014K [0x0000000740000000, 0x0000000800000000)
  region size 2048K, 67 young (137216K), 10 survivors (20480K)
 Metaspace       used 133838K, committed 136128K, reserved 1179648K
  class space    used 17675K, committed 18816K, reserved 1048576K
}
Event: 11.743 GC heap after
{Heap after GC invocations=44 (full 0):
 garbage-first heap   total 411648K, used 262144K [0x0000000740000000, 0x0000000800000000)
  region size 2048K, 9 young (18432K), 9 survivors (18432K)
 Metaspace       used 133838K, committed 136128K, reserved 1179648K
  class space    used 17675K, committed 18816K, reserved 1048576K
}
Event: 11.858 GC heap before
{Heap before GC invocations=45 (full 0):
 garbage-first heap   total 438272K, used 360448K [0x0000000740000000, 0x0000000800000000)
  region size 2048K, 58 young (118784K), 9 survivors (18432K)
 Metaspace       used 135090K, committed 137344K, reserved 1179648K
  class space    used 17895K, committed 19008K, reserved 1048576K
}
Event: 11.869 GC heap after
{Heap after GC invocations=46 (full 0):
 garbage-first heap   total 438272K, used 281846K [0x0000000740000000, 0x0000000800000000)
  region size 2048K, 8 young (16384K), 8 survivors (16384K)
 Metaspace       used 135090K, committed 137344K, reserved 1179648K
  class space    used 17895K, committed 19008K, reserved 1048576K
}
Event: 11.935 GC heap before
{Heap before GC invocations=46 (full 0):
 garbage-first heap   total 438272K, used 384246K [0x0000000740000000, 0x0000000800000000)
  region size 2048K, 59 young (120832K), 8 survivors (16384K)
 Metaspace       used 135767K, committed 138112K, reserved 1179648K
  class space    used 17972K, committed 19136K, reserved 1048576K
}
Event: 11.947 GC heap after
{Heap after GC invocations=47 (full 0):
 garbage-first heap   total 438272K, used 284006K [0x0000000740000000, 0x0000000800000000)
  region size 2048K, 8 young (16384K), 8 survivors (16384K)
 Metaspace       used 135767K, committed 138112K, reserved 1179648K
  class space    used 17972K, committed 19136K, reserved 1048576K
}
Event: 12.003 GC heap before
{Heap before GC invocations=47 (full 0):
 garbage-first heap   total 438272K, used 386406K [0x0000000740000000, 0x0000000800000000)
  region size 2048K, 58 young (118784K), 8 survivors (16384K)
 Metaspace       used 136406K, committed 138688K, reserved 1179648K
  class space    used 18059K, committed 19200K, reserved 1048576K
}
Event: 12.014 GC heap after
{Heap after GC invocations=48 (full 0):
 garbage-first heap   total 438272K, used 311920K [0x0000000740000000, 0x0000000800000000)
  region size 2048K, 8 young (16384K), 8 survivors (16384K)
 Metaspace       used 136406K, committed 138688K, reserved 1179648K
  class space    used 18059K, committed 19200K, reserved 1048576K
}
Event: 12.093 GC heap before
{Heap before GC invocations=48 (full 0):
 garbage-first heap   total 438272K, used 389744K [0x0000000740000000, 0x0000000800000000)
  region size 2048K, 47 young (96256K), 8 survivors (16384K)
 Metaspace       used 137358K, committed 139712K, reserved 1179648K
  class space    used 18165K, committed 19328K, reserved 1048576K
}

