# JRE version: OpenJDK Runtime Environment (21.0.6) (build 21.0.6+-13391695-b895.109)
# Java VM: OpenJDK 64-Bit Server VM (21.0.6+-13391695-b895.109, mixed mode, tiered, compressed oops, compressed class ptrs, g1 gc, windows-amd64)
GC Precious Log:
 CardTable entry size: 512
 Card Set container configuration: InlinePtr #cards 4 size 8 Array Of Cards #cards 16 size 48 Howl #buckets 8 coarsen threshold 3686 Howl Bitmap #cards 512 size 80 coarsen threshold 460 Card regions per heap region 1 cards per card region 4096
 CPUs: 20 total, 20 available
 Memory: 16004M
 Large Page Support: Disabled
 NUMA Support: Disabled
 Compressed Oops: Enabled (Zero based)
 Heap Region Size: 2M
 Heap Min Capacity: 8M
 Heap Initial Capacity: 252M
 Heap Max Capacity: 4G
 Pre-touch: Disabled
 Parallel Workers: 15
 Concurrent Workers: 4
 Concurrent Refinement Workers: 15
 Periodic GC: Disabled
Heap:
 garbage-first heap   total 239616K, used 175427K [0x0000000700000000, 0x0000000800000000)
  region size 2048K, 44 young (90112K), 4 survivors (8192K)
 Metaspace       used 108329K, committed 110528K, reserved 1179648K
  class space    used 14517K, committed 15616K, reserved 1048576K
GC Heap History (20 events):
Event: 3.443 GC heap before
{Heap before GC invocations=10 (full 0):
 garbage-first heap   total 147456K, used 111441K [0x0000000700000000, 0x0000000800000000)
  region size 2048K, 43 young (88064K), 5 survivors (10240K)
 Metaspace       used 58266K, committed 59776K, reserved 1114112K
  class space    used 7778K, committed 8512K, reserved 1048576K
}
Event: 3.448 GC heap after
{Heap after GC invocations=11 (full 0):
 garbage-first heap   total 147456K, used 40401K [0x0000000700000000, 0x0000000800000000)
  region size 2048K, 6 young (12288K), 6 survivors (12288K)
 Metaspace       used 58266K, committed 59776K, reserved 1114112K
  class space    used 7778K, committed 8512K, reserved 1048576K
}
Event: 3.476 GC heap before
{Heap before GC invocations=11 (full 0):
 garbage-first heap   total 147456K, used 44497K [0x0000000700000000, 0x0000000800000000)
  region size 2048K, 9 young (18432K), 6 survivors (12288K)
 Metaspace       used 58842K, committed 60416K, reserved 1114112K
  class space    used 7852K, committed 8640K, reserved 1048576K
}
Event: 3.479 GC heap after
{Heap after GC invocations=12 (full 0):
 garbage-first heap   total 147456K, used 40579K [0x0000000700000000, 0x0000000800000000)
  region size 2048K, 3 young (6144K), 3 survivors (6144K)
 Metaspace       used 58842K, committed 60416K, reserved 1114112K
  class space    used 7852K, committed 8640K, reserved 1048576K
}
Event: 4.033 GC heap before
{Heap before GC invocations=13 (full 0):
 garbage-first heap   total 143360K, used 120451K [0x0000000700000000, 0x0000000800000000)
  region size 2048K, 42 young (86016K), 3 survivors (6144K)
 Metaspace       used 68911K, committed 70656K, reserved 1114112K
  class space    used 9364K, committed 10240K, reserved 1048576K
}
Event: 4.037 GC heap after
{Heap after GC invocations=14 (full 0):
 garbage-first heap   total 143360K, used 44178K [0x0000000700000000, 0x0000000800000000)
  region size 2048K, 5 young (10240K), 5 survivors (10240K)
 Metaspace       used 68911K, committed 70656K, reserved 1114112K
  class space    used 9364K, committed 10240K, reserved 1048576K
}
Event: 4.542 GC heap before
{Heap before GC invocations=14 (full 0):
 garbage-first heap   total 143360K, used 117906K [0x0000000700000000, 0x0000000800000000)
  region size 2048K, 42 young (86016K), 5 survivors (10240K)
 Metaspace       used 70137K, committed 71936K, reserved 1114112K
  class space    used 9409K, committed 10304K, reserved 1048576K
}
Event: 4.547 GC heap after
{Heap after GC invocations=15 (full 0):
 garbage-first heap   total 143360K, used 48559K [0x0000000700000000, 0x0000000800000000)
  region size 2048K, 5 young (10240K), 5 survivors (10240K)
 Metaspace       used 70137K, committed 71936K, reserved 1114112K
  class space    used 9409K, committed 10304K, reserved 1048576K
}
Event: 4.823 GC heap before
{Heap before GC invocations=15 (full 0):
 garbage-first heap   total 143360K, used 109999K [0x0000000700000000, 0x0000000800000000)
  region size 2048K, 37 young (75776K), 5 survivors (10240K)
 Metaspace       used 70836K, committed 72576K, reserved 1114112K
  class space    used 9499K, committed 10368K, reserved 1048576K
}
Event: 4.827 GC heap after
{Heap after GC invocations=16 (full 0):
 garbage-first heap   total 143360K, used 53676K [0x0000000700000000, 0x0000000800000000)
  region size 2048K, 5 young (10240K), 5 survivors (10240K)
 Metaspace       used 70836K, committed 72576K, reserved 1114112K
  class space    used 9499K, committed 10368K, reserved 1048576K
}
Event: 5.199 GC heap before
{Heap before GC invocations=17 (full 0):
 garbage-first heap   total 143360K, used 129452K [0x0000000700000000, 0x0000000800000000)
  region size 2048K, 39 young (79872K), 5 survivors (10240K)
 Metaspace       used 75815K, committed 77632K, reserved 1179648K
  class space    used 10051K, committed 10944K, reserved 1048576K
}
Event: 5.204 GC heap after
{Heap after GC invocations=18 (full 0):
 garbage-first heap   total 198656K, used 73963K [0x0000000700000000, 0x0000000800000000)
  region size 2048K, 5 young (10240K), 5 survivors (10240K)
 Metaspace       used 75815K, committed 77632K, reserved 1179648K
  class space    used 10051K, committed 10944K, reserved 1048576K
}
Event: 5.633 GC heap before
{Heap before GC invocations=18 (full 0):
 garbage-first heap   total 198656K, used 155883K [0x0000000700000000, 0x0000000800000000)
  region size 2048K, 46 young (94208K), 5 survivors (10240K)
 Metaspace       used 83932K, committed 85888K, reserved 1179648K
  class space    used 11083K, committed 12096K, reserved 1048576K
}
Event: 5.637 GC heap after
{Heap after GC invocations=19 (full 0):
 garbage-first heap   total 198656K, used 81079K [0x0000000700000000, 0x0000000800000000)
  region size 2048K, 4 young (8192K), 4 survivors (8192K)
 Metaspace       used 83932K, committed 85888K, reserved 1179648K
  class space    used 11083K, committed 12096K, reserved 1048576K
}
Event: 5.987 GC heap before
{Heap before GC invocations=19 (full 0):
 garbage-first heap   total 198656K, used 138423K [0x0000000700000000, 0x0000000800000000)
  region size 2048K, 33 young (67584K), 4 survivors (8192K)
 Metaspace       used 89678K, committed 91648K, reserved 1179648K
  class space    used 11810K, committed 12800K, reserved 1048576K
}
Event: 5.991 GC heap after
{Heap after GC invocations=20 (full 0):
 garbage-first heap   total 198656K, used 84098K [0x0000000700000000, 0x0000000800000000)
  region size 2048K, 2 young (4096K), 2 survivors (4096K)
 Metaspace       used 89678K, committed 91648K, reserved 1179648K
  class space    used 11810K, committed 12800K, reserved 1048576K
}
Event: 6.473 GC heap before
{Heap before GC invocations=21 (full 0):
 garbage-first heap   total 198656K, used 174210K [0x0000000700000000, 0x0000000800000000)
  region size 2048K, 44 young (90112K), 2 survivors (4096K)
 Metaspace       used 95536K, committed 97664K, reserved 1179648K
  class space    used 12563K, committed 13632K, reserved 1048576K
}
Event: 6.478 GC heap after
{Heap after GC invocations=22 (full 0):
 garbage-first heap   total 198656K, used 93262K [0x0000000700000000, 0x0000000800000000)
  region size 2048K, 5 young (10240K), 5 survivors (10240K)
 Metaspace       used 95536K, committed 97664K, reserved 1179648K
  class space    used 12563K, committed 13632K, reserved 1048576K
}
Event: 6.878 GC heap before
{Heap before GC invocations=22 (full 0):
 garbage-first heap   total 198656K, used 171086K [0x0000000700000000, 0x0000000800000000)
  region size 2048K, 43 young (88064K), 5 survivors (10240K)
 Metaspace       used 102120K, committed 104320K, reserved 1179648K
  class space    used 13626K, committed 14720K, reserved 1048576K
}
Event: 6.883 GC heap after
{Heap after GC invocations=23 (full 0):
 garbage-first heap   total 239616K, used 95555K [0x0000000700000000, 0x0000000800000000)
  region size 2048K, 4 young (8192K), 4 survivors (8192K)
 Metaspace       used 102120K, committed 104320K, reserved 1179648K
  class space    used 13626K, committed 14720K, reserved 1048576K
}

